<?xml version="1.0" encoding="UTF-8" standalone="no"?>
<testsuite failures="0" name="cucumber.runtime.formatter.JUnitFormatter" skipped="0" tests="1" time="0.930057">
<testcase classname="Test facebook smoke scenario" name="Test login with unvalid credentials" time="0.930057">
<system-out><![CDATA[Given account_id number 221.................................................passed
And date_from is 2016-07-01T00:00:00........................................passed
And date_to is 2017-07-01T00:00:00..........................................passed
When call the stats service.................................................passed
Then the server should handle it and return a 200 status....................passed
]]></system-out>
</testcase>
</testsuite>
